/home/artem/PycharmProjects/Book/rl-trading-coursework/src/q_learning_single.py:82: UserWarning: Could not infer format, so each element will be parsed individually, falling back to `dateutil`. To ensure parsing is consistent and as-expected, please specify a format.
  df = pd.read_csv(csv_path, parse_dates=True, index_col=0)
Epoch 1/5 completed.
Epoch 2/5 completed.
Epoch 3/5 completed.
Epoch 4/5 completed.
Epoch 5/5 completed.
Q-таблица сохранена в results/q_table_aapl.csv

=== Random Walk Test (1000 sims) ===
Sim  1
Epoch  1
Epoch  2
Epoch  3
Epoch  4
Epoch  5
Sim  2
Epoch  1
Epoch  2
Epoch  3
Epoch  4
Epoch  5
Sim  3
Epoch  1
Epoch  2
Epoch  3
Epoch  4
Epoch  5
Sim  4
Epoch  1
Epoch  2
Epoch  3
Epoch  4
Epoch  5
Sim  5
Epoch  1
Epoch  2
Epoch  3
Epoch  4
Epoch  5
Sim  6
Epoch  1
Epoch  2
Epoch  3
Epoch  4
Epoch  5
Sim  7
Epoch  1
Epoch  2
Epoch  3
Epoch  4
Epoch  5
Sim  8
Epoch  1
Epoch  2
Epoch  3
Epoch  4
Epoch  5
Sim  9
Epoch  1
Epoch  2
Epoch  3
Epoch  4
Epoch  5
Sim  10
Epoch  1
Epoch  2
Epoch  3
Epoch  4
Epoch  5
Sim  11
Epoch  1
Epoch  2
Epoch  3
Epoch  4
Epoch  5
Sim  12
Epoch  1
Epoch  2
Epoch  3
Epoch  4
Epoch  5
Sim  13
Epoch  1
Epoch  2
Epoch  3
Epoch  4
Epoch  5
Sim  14
Epoch  1
Epoch  2
Epoch  3
Epoch  4
Epoch  5
Sim  15
Epoch  1
Epoch  2
Epoch  3
Epoch  4
Epoch  5
Sim  16
Epoch  1
Epoch  2
Epoch  3
Epoch  4
Epoch  5
Sim  17
Epoch  1
Epoch  2
Epoch  3
Epoch  4
Epoch  5
Sim  18
Epoch  1
Epoch  2
Epoch  3
Epoch  4
Epoch  5
Sim  19
Epoch  1
Epoch  2
Epoch  3
Epoch  4
Epoch  5
Sim  20
Epoch  1
Epoch  2
Epoch  3
Epoch  4
Epoch  5
Sim  21
Epoch  1
Epoch  2
Epoch  3
Epoch  4
Epoch  5
Sim  22
Epoch  1
Epoch  2
Epoch  3
Epoch  4
Epoch  5
Sim  23
Epoch  1
Epoch  2
Epoch  3
Epoch  4
Epoch  5
Sim  24
Epoch  1
Epoch  2
Epoch  3
Epoch  4
Epoch  5
Sim  25
Epoch  1
Epoch  2
Epoch  3
Epoch  4
Epoch  5
Sim  26
Epoch  1
Epoch  2
Epoch  3
Epoch  4
Epoch  5
Sim  27
Epoch  1
Epoch  2
Epoch  3
Epoch  4
Epoch  5
Sim  28
Epoch  1
Epoch  2
Epoch  3
Epoch  4
Epoch  5
Sim  29
Epoch  1
Epoch  2
Epoch  3
Epoch  4
Epoch  5
Sim  30
Epoch  1
Epoch  2
Epoch  3
Epoch  4
Epoch  5
Sim  31
Epoch  1
Epoch  2
Epoch  3
Epoch  4
Epoch  5
Sim  32
Epoch  1
Epoch  2
Epoch  3
Epoch  4
Epoch  5
Sim  33
Epoch  1
Epoch  2
Epoch  3
Epoch  4
Epoch  5
Sim  34
Epoch  1
Epoch  2
Epoch  3
Epoch  4
Epoch  5
Sim  35
Epoch  1
Epoch  2
Epoch  3
Epoch  4
Epoch  5
Sim  36
Epoch  1
Epoch  2
Epoch  3
Epoch  4
Epoch  5
Sim  37
Epoch  1
Epoch  2
Epoch  3
Epoch  4
Epoch  5
Sim  38
Epoch  1
Epoch  2
Epoch  3
Epoch  4
Epoch  5
Sim  39
Epoch  1
Epoch  2
Epoch  3
Epoch  4
Epoch  5
Sim  40
Epoch  1
Epoch  2
Epoch  3
Epoch  4
Epoch  5
Sim  41
Epoch  1
Epoch  2
Epoch  3
Epoch  4
Epoch  5
Sim  42
Epoch  1
Epoch  2
Epoch  3
Epoch  4
Epoch  5
Sim  43
Epoch  1
Epoch  2
Epoch  3
Epoch  4
Epoch  5
Sim  44
Epoch  1
Epoch  2
Epoch  3
Epoch  4
Epoch  5
Sim  45
Epoch  1
Epoch  2
Epoch  3
Epoch  4
Epoch  5
Sim  46
Epoch  1
Epoch  2
Epoch  3
Epoch  4
Epoch  5
Sim  47
Epoch  1
Epoch  2
Epoch  3
Epoch  4
Epoch  5
Sim  48
Epoch  1
Epoch  2
Epoch  3
Epoch  4
Epoch  5
Sim  49
Epoch  1
Epoch  2
Epoch  3
Epoch  4
Epoch  5
Sim  50
Epoch  1
Epoch  2
Epoch  3
Epoch  4
Epoch  5
Sim  51
Epoch  1
Epoch  2
Epoch  3
Epoch  4
Epoch  5
Sim  52
Epoch  1
Epoch  2
Epoch  3
Epoch  4
Epoch  5
Sim  53
Epoch  1
Epoch  2
Epoch  3
Epoch  4
Epoch  5
Sim  54
Epoch  1
Epoch  2
Epoch  3
Epoch  4
Epoch  5
Sim  55
Epoch  1
Epoch  2
Epoch  3
Epoch  4
Epoch  5
Sim  56
Epoch  1
Epoch  2
Epoch  3
Epoch  4
Epoch  5
Sim  57
Epoch  1
Epoch  2
Epoch  3
Epoch  4
Epoch  5
Sim  58
Epoch  1
Epoch  2
Epoch  3
Epoch  4
Epoch  5
Sim  59
Epoch  1
Epoch  2
Epoch  3
Epoch  4
Epoch  5
Sim  60
Epoch  1
Epoch  2
Epoch  3
Epoch  4
Epoch  5
Sim  61
Epoch  1
Epoch  2
Epoch  3
Epoch  4
Epoch  5
Sim  62
Epoch  1
Epoch  2
Epoch  3
Epoch  4
Epoch  5
Sim  63
Epoch  1
Epoch  2
Epoch  3
Epoch  4
Epoch  5
Sim  64
Epoch  1
Epoch  2
Epoch  3
Epoch  4
Epoch  5
Sim  65
Epoch  1
Epoch  2
Epoch  3
Epoch  4
Epoch  5
Sim  66
Epoch  1
Epoch  2
Epoch  3
Epoch  4
Epoch  5
Sim  67
Epoch  1
Epoch  2
Epoch  3
Epoch  4
Epoch  5
Sim  68
Epoch  1
Epoch  2
Epoch  3
Epoch  4
Epoch  5
Sim  69
Epoch  1
Epoch  2
Epoch  3
Epoch  4
Epoch  5
Sim  70
Epoch  1
Epoch  2
Epoch  3
Epoch  4
Epoch  5
Sim  71
Epoch  1
Epoch  2
Epoch  3
Epoch  4
Epoch  5
Sim  72
Epoch  1
Epoch  2
Epoch  3
Epoch  4
Epoch  5
Sim  73
Epoch  1
Epoch  2
Epoch  3
Epoch  4
Epoch  5
Sim  74
Epoch  1
Epoch  2
Epoch  3
Epoch  4
Epoch  5
Sim  75
Epoch  1
Epoch  2
Epoch  3
Epoch  4
Epoch  5
Sim  76
Epoch  1
Epoch  2
Epoch  3
Epoch  4
Epoch  5
Sim  77
Epoch  1
Epoch  2
Epoch  3
Epoch  4
Epoch  5
Sim  78
Epoch  1
Epoch  2
Epoch  3
Epoch  4
Epoch  5
Sim  79
Epoch  1
Epoch  2
Epoch  3
Epoch  4
Epoch  5
Sim  80
Epoch  1
Epoch  2
Epoch  3
Epoch  4
Epoch  5
Sim  81
Epoch  1
Epoch  2
Epoch  3
Epoch  4
Epoch  5
Sim  82
Epoch  1
Epoch  2
Epoch  3
Epoch  4
Epoch  5
Sim  83
Epoch  1
Epoch  2
Epoch  3
Epoch  4
Epoch  5
Sim  84
Epoch  1
Epoch  2
Epoch  3
Epoch  4
Epoch  5
Sim  85
Epoch  1
Epoch  2
Epoch  3
Epoch  4
Epoch  5
Sim  86
Epoch  1
Epoch  2
Epoch  3
Epoch  4
Epoch  5
Sim  87
Epoch  1
Epoch  2
Epoch  3
Epoch  4
Epoch  5
Sim  88
Epoch  1
Epoch  2
Epoch  3
Epoch  4
Epoch  5
Sim  89
Epoch  1
Epoch  2
Epoch  3
Epoch  4
Epoch  5
Sim  90
Epoch  1
Epoch  2
Epoch  3
Epoch  4
Epoch  5
Sim  91
Epoch  1
Epoch  2
Epoch  3
Epoch  4
Epoch  5
Sim  92
Epoch  1
Epoch  2
Epoch  3
Epoch  4
Epoch  5
Sim  93
Epoch  1
Epoch  2
Epoch  3
Epoch  4
Epoch  5
Sim  94
Epoch  1
Epoch  2
Epoch  3
Epoch  4
Epoch  5
Sim  95
Epoch  1
Epoch  2
Epoch  3
Epoch  4
Epoch  5
Sim  96
Epoch  1
Epoch  2
Epoch  3
Epoch  4
Epoch  5
Sim  97
Epoch  1
Epoch  2
Epoch  3
Epoch  4
Epoch  5
Sim  98
Epoch  1
Epoch  2
Epoch  3
Epoch  4
Epoch  5
Sim  99
Epoch  1
Epoch  2
Epoch  3
Epoch  4
Epoch  5
Sim  100
Epoch  1
Epoch  2
Epoch  3
Epoch  4
Epoch  5
Sim  101
Epoch  1
Epoch  2
Epoch  3
Epoch  4
Epoch  5
Sim  102
Epoch  1
Epoch  2
Epoch  3
Epoch  4
Epoch  5
Sim  103
Epoch  1
Epoch  2
Epoch  3
Epoch  4
Epoch  5
Sim  104
Epoch  1
Epoch  2
Epoch  3
Epoch  4
Epoch  5
Sim  105
Epoch  1
Epoch  2
Epoch  3
Epoch  4
Epoch  5
Sim  106
Epoch  1
Epoch  2
Epoch  3
Epoch  4
Epoch  5
Sim  107
Epoch  1
Epoch  2
Epoch  3
Epoch  4
Epoch  5
Sim  108
Epoch  1
Epoch  2
Epoch  3
Epoch  4
Epoch  5
Sim  109
Epoch  1
Epoch  2
Epoch  3
Epoch  4
Epoch  5
Sim  110
Epoch  1
Epoch  2
Epoch  3
Epoch  4
Epoch  5
Sim  111
Epoch  1
Epoch  2
Epoch  3
Epoch  4
Epoch  5
Sim  112
Epoch  1
Epoch  2
Epoch  3
Epoch  4
Epoch  5
Sim  113
Epoch  1
Epoch  2
Epoch  3
Epoch  4
Epoch  5
Sim  114
Epoch  1
Epoch  2
Epoch  3
Epoch  4
Epoch  5
Sim  115
Epoch  1
Epoch  2
Epoch  3
Epoch  4
Epoch  5
Sim  116
Epoch  1
Epoch  2
Epoch  3
Epoch  4
Epoch  5
Sim  117
Epoch  1
Epoch  2
Epoch  3
Epoch  4
Epoch  5
Sim  118
Epoch  1
Epoch  2
Epoch  3
Epoch  4
Epoch  5
Sim  119
Epoch  1
Epoch  2
Epoch  3
Epoch  4
Epoch  5
Sim  120
Epoch  1
Epoch  2
Epoch  3
Epoch  4
Epoch  5
Sim  121
Epoch  1
Epoch  2
Epoch  3
Epoch  4
Epoch  5
Sim  122
Epoch  1
Epoch  2
Epoch  3
Epoch  4
Epoch  5
Sim  123
Epoch  1
Epoch  2
Epoch  3
Epoch  4
Epoch  5
Sim  124
Epoch  1
Epoch  2
Epoch  3
Epoch  4
Epoch  5
Sim  125
Epoch  1
Epoch  2
Epoch  3
Epoch  4
Epoch  5
Sim  126
Epoch  1
Epoch  2
Epoch  3
Epoch  4
Epoch  5
Sim  127
Epoch  1
Epoch  2
Epoch  3
Epoch  4
Epoch  5
Sim  128
Epoch  1
Epoch  2
Epoch  3
Epoch  4
Epoch  5
Sim  129
Epoch  1
Epoch  2
Epoch  3
Epoch  4
Epoch  5
Sim  130
Epoch  1
Epoch  2
Epoch  3
Epoch  4
Epoch  5
Sim  131
Epoch  1
Epoch  2
Epoch  3
Epoch  4
Epoch  5
Sim  132
Epoch  1
Epoch  2
Epoch  3
Epoch  4
Epoch  5
Sim  133
Epoch  1
Epoch  2
Epoch  3
Epoch  4
Epoch  5
Sim  134
Epoch  1
Epoch  2
Epoch  3
Epoch  4
Epoch  5
Sim  135
Epoch  1
Epoch  2
Epoch  3
Epoch  4
Epoch  5
Sim  136
Epoch  1
Epoch  2
Epoch  3
Epoch  4
Epoch  5
Sim  137
Epoch  1
Epoch  2
Epoch  3
Epoch  4
Epoch  5
Sim  138
Epoch  1
Epoch  2
Epoch  3
Epoch  4
Epoch  5
Sim  139
Epoch  1
Epoch  2
Epoch  3
Epoch  4
Epoch  5
Sim  140
Epoch  1
Epoch  2
Epoch  3
Epoch  4
Epoch  5
Sim  141
Epoch  1
Epoch  2
Epoch  3
Epoch  4
Epoch  5
Sim  142
Epoch  1
Epoch  2
Epoch  3
Epoch  4
Epoch  5
Sim  143
Epoch  1
Epoch  2
Epoch  3
Epoch  4
Epoch  5
Sim  144
Epoch  1
Epoch  2
Epoch  3
Epoch  4
Epoch  5
Sim  145
Epoch  1
Epoch  2
Epoch  3
Epoch  4
Epoch  5
Sim  146
Epoch  1
Epoch  2
Epoch  3
Epoch  4
Epoch  5
Sim  147
Epoch  1
Epoch  2
Epoch  3
Epoch  4
Epoch  5
Sim  148
Epoch  1
Epoch  2
Epoch  3
Epoch  4
Epoch  5
Sim  149
Epoch  1
Epoch  2
Epoch  3
Epoch  4
Epoch  5
Sim  150
Epoch  1
Epoch  2
Epoch  3
Epoch  4
Epoch  5
Sim  151
Epoch  1
Epoch  2
Epoch  3
Epoch  4
Epoch  5
Sim  152
Epoch  1
Epoch  2
Epoch  3
Epoch  4
Epoch  5
Sim  153
Epoch  1
Epoch  2
Epoch  3
Epoch  4
Epoch  5
Sim  154
Epoch  1
Epoch  2
Epoch  3
Epoch  4
Epoch  5
Sim  155
Epoch  1
Epoch  2
Epoch  3
Epoch  4
Epoch  5
Sim  156
Epoch  1
Epoch  2
Epoch  3
Epoch  4
Epoch  5
Sim  157
Epoch  1
Epoch  2
Epoch  3
Epoch  4
Epoch  5
Sim  158
Epoch  1
Epoch  2
Epoch  3
Epoch  4
Epoch  5
Sim  159
Epoch  1
Epoch  2
Epoch  3
Epoch  4
Epoch  5
Sim  160
Epoch  1
Epoch  2
Epoch  3
Epoch  4
Epoch  5
Sim  161
Epoch  1
Epoch  2
Epoch  3
Epoch  4
Epoch  5
Sim  162
Epoch  1
Epoch  2
Epoch  3
Epoch  4
Epoch  5
Sim  163
Epoch  1
Epoch  2
Epoch  3
Epoch  4
Epoch  5
Sim  164
Epoch  1
Epoch  2
Epoch  3
Epoch  4
Epoch  5
Sim  165
Epoch  1
Epoch  2
Epoch  3
Epoch  4
Epoch  5
Sim  166
Epoch  1
Epoch  2
Epoch  3
Epoch  4
Epoch  5
Sim  167
Epoch  1
Epoch  2
Epoch  3
Epoch  4
Epoch  5
Sim  168
Epoch  1
Epoch  2
Epoch  3
Epoch  4
Epoch  5
Sim  169
Epoch  1
Epoch  2
Epoch  3
Epoch  4
Epoch  5
Sim  170
Epoch  1
Epoch  2
Epoch  3
Epoch  4
Epoch  5
Sim  171
Epoch  1
Epoch  2
Epoch  3
Epoch  4
Epoch  5
Sim  172
Epoch  1
Epoch  2
Epoch  3
Epoch  4
Epoch  5
Sim  173
Epoch  1
Epoch  2
Epoch  3
Epoch  4
Epoch  5
Sim  174
Epoch  1
Epoch  2
Epoch  3
Epoch  4
Epoch  5
Sim  175
Epoch  1
Epoch  2
Epoch  3
Epoch  4
Epoch  5
Sim  176
Epoch  1
Epoch  2
Epoch  3
Epoch  4
Epoch  5
Sim  177
Epoch  1
Epoch  2
Epoch  3
Epoch  4
Epoch  5
Sim  178
Epoch  1
Epoch  2
Epoch  3
Epoch  4
Epoch  5
Sim  179
Epoch  1
Epoch  2
Epoch  3
Epoch  4
Epoch  5
Sim  180
Epoch  1
Epoch  2
Epoch  3
Epoch  4
Epoch  5
Sim  181
Epoch  1
Epoch  2
Epoch  3
Epoch  4
Epoch  5
Sim  182
Epoch  1
Epoch  2
Epoch  3
Epoch  4
Epoch  5
Sim  183
Epoch  1
Epoch  2
Epoch  3
Epoch  4
Epoch  5
Sim  184
Epoch  1
Epoch  2
Epoch  3
Epoch  4
Epoch  5
Sim  185
Epoch  1
Epoch  2
Epoch  3
Epoch  4
Epoch  5
Sim  186
Epoch  1
Epoch  2
Epoch  3
Epoch  4
Epoch  5
Sim  187
Epoch  1
Epoch  2
Epoch  3
Epoch  4
Epoch  5
Sim  188
Epoch  1
Epoch  2
Epoch  3
Epoch  4
Epoch  5
Sim  189
Epoch  1
Epoch  2
Epoch  3
Epoch  4
Epoch  5
Sim  190
Epoch  1
Epoch  2
Epoch  3
Epoch  4
Epoch  5
Sim  191
Epoch  1
Epoch  2
Epoch  3
Epoch  4
Epoch  5
Sim  192
Epoch  1
Epoch  2
Epoch  3
Epoch  4
Epoch  5
Sim  193
Epoch  1
Epoch  2
Epoch  3
Epoch  4
Epoch  5
Sim  194
Epoch  1
Epoch  2
Epoch  3
Epoch  4
Epoch  5
Sim  195
Epoch  1
Epoch  2
Epoch  3
Epoch  4
Epoch  5
Sim  196
Epoch  1
Epoch  2
Epoch  3
Epoch  4
Epoch  5
Sim  197
Epoch  1
Epoch  2
Epoch  3
Epoch  4
Epoch  5
Sim  198
Epoch  1
Epoch  2
Epoch  3
Epoch  4
Epoch  5
Sim  199
Epoch  1
Epoch  2
Epoch  3
Epoch  4
Epoch  5
Sim  200
Epoch  1
Epoch  2
Epoch  3
Epoch  4
Epoch  5
Sim  201
Epoch  1
Epoch  2
Epoch  3
Epoch  4
Epoch  5
Sim  202
Epoch  1
Epoch  2
Epoch  3
Epoch  4
Epoch  5
Sim  203
Epoch  1
Epoch  2
Epoch  3
Epoch  4
Epoch  5
Sim  204
Epoch  1
Epoch  2
Epoch  3
Epoch  4
Epoch  5
Sim  205
Epoch  1
Epoch  2
Epoch  3
Epoch  4
Epoch  5
Sim  206
Epoch  1
Epoch  2
Epoch  3
Epoch  4
Epoch  5
Sim  207
Epoch  1
Epoch  2
Epoch  3
Epoch  4
Epoch  5
Sim  208
Epoch  1
Epoch  2
Epoch  3
Epoch  4
Epoch  5
Sim  209
Epoch  1
Epoch  2
Epoch  3
Epoch  4
Epoch  5
Sim  210
Epoch  1
Epoch  2
Epoch  3
Epoch  4
Epoch  5
Sim  211
Epoch  1
Epoch  2
Epoch  3
Epoch  4
Epoch  5
Sim  212
Epoch  1
Epoch  2
Epoch  3
Epoch  4
Epoch  5
Sim  213
Epoch  1
Epoch  2
Epoch  3
Epoch  4
Epoch  5
Sim  214
Epoch  1
Epoch  2
Epoch  3
Epoch  4
Epoch  5
Sim  215
Epoch  1
Epoch  2
Epoch  3
Epoch  4
Epoch  5
Sim  216
Epoch  1
Epoch  2
Epoch  3
Epoch  4
Epoch  5
Sim  217
Epoch  1
Epoch  2
Epoch  3
Epoch  4
Epoch  5
Sim  218
Epoch  1
Epoch  2
Epoch  3
Epoch  4
Epoch  5
Sim  219
Epoch  1
Epoch  2
Epoch  3
Epoch  4
Epoch  5
Sim  220
Epoch  1
Epoch  2
Epoch  3
Epoch  4
Epoch  5
Sim  221
Epoch  1
Epoch  2
Epoch  3
Epoch  4
Epoch  5
Sim  222
Epoch  1
Epoch  2
Epoch  3
Epoch  4
Epoch  5
Sim  223
Epoch  1
Epoch  2
Epoch  3
Epoch  4
Epoch  5
Sim  224
Epoch  1
Epoch  2
Epoch  3
Epoch  4
Epoch  5
Sim  225
Epoch  1
Epoch  2
Epoch  3
Epoch  4
Epoch  5
Sim  226
Epoch  1
Epoch  2
Epoch  3
Epoch  4
Epoch  5
Sim  227
Epoch  1
Epoch  2
Epoch  3
Epoch  4
Epoch  5
Sim  228
Epoch  1
Epoch  2
Epoch  3
Epoch  4
Epoch  5
Sim  229
Epoch  1
Epoch  2
Epoch  3
Epoch  4
Epoch  5
Sim  230
Epoch  1
Epoch  2
Epoch  3
Epoch  4
Epoch  5
Sim  231
Epoch  1
Epoch  2
Epoch  3
Epoch  4
Epoch  5
Sim  232
Epoch  1
Epoch  2
Epoch  3
Epoch  4
Epoch  5
Sim  233
Epoch  1
Epoch  2
Epoch  3
Epoch  4
Epoch  5
Sim  234
Epoch  1
Epoch  2
Epoch  3
Epoch  4
Epoch  5
Sim  235
Epoch  1
Epoch  2
Epoch  3
Epoch  4
Epoch  5
Sim  236
Epoch  1
Epoch  2
Epoch  3
Epoch  4
Epoch  5
Sim  237
Epoch  1
Epoch  2
Epoch  3
Epoch  4
Epoch  5
Sim  238
Epoch  1
Epoch  2
Epoch  3
Epoch  4
Epoch  5
Sim  239
Epoch  1
Epoch  2
Epoch  3
Epoch  4
Epoch  5
Sim  240
Epoch  1
Epoch  2
Epoch  3
Epoch  4
Epoch  5
Sim  241
Epoch  1
Epoch  2
Epoch  3
Epoch  4
Epoch  5
Sim  242
Epoch  1
Epoch  2
Epoch  3
Epoch  4
Epoch  5
Sim  243
Epoch  1
Epoch  2
Epoch  3
Epoch  4
Epoch  5
Sim  244
Epoch  1
Epoch  2
Epoch  3
Epoch  4
Epoch  5
Sim  245
Epoch  1
Epoch  2
Epoch  3
Epoch  4
Epoch  5
Sim  246
Epoch  1
Epoch  2
Epoch  3
Epoch  4
Epoch  5
Sim  247
Epoch  1
Epoch  2
Epoch  3
Epoch  4
Epoch  5
Sim  248
Epoch  1
Epoch  2
Epoch  3
Epoch  4
Epoch  5
Sim  249
Epoch  1
Epoch  2
Epoch  3
Epoch  4
Epoch  5
Sim  250
Epoch  1
Epoch  2
Epoch  3
Epoch  4
Epoch  5
Sim  251
Epoch  1
Epoch  2
Epoch  3
Epoch  4
Epoch  5
Sim  252
Epoch  1
Epoch  2
Epoch  3
Epoch  4
Epoch  5
Sim  253
Epoch  1
Epoch  2
Epoch  3
Epoch  4
Epoch  5
Sim  254
Epoch  1
Epoch  2
Epoch  3
Epoch  4
Epoch  5
Sim  255
Epoch  1
Epoch  2
Epoch  3
Epoch  4
Epoch  5
Sim  256
Epoch  1
Epoch  2
Epoch  3
Epoch  4
Epoch  5
Sim  257
Epoch  1
Epoch  2
Epoch  3
Epoch  4
Epoch  5
Sim  258
Epoch  1
Epoch  2
Epoch  3
Epoch  4
Epoch  5
Sim  259
Epoch  1
Epoch  2
Epoch  3
Epoch  4
Epoch  5
Sim  260
Epoch  1
Epoch  2
Epoch  3
Epoch  4
Epoch  5
Sim  261
Epoch  1
Epoch  2
Epoch  3
Epoch  4
Epoch  5
Sim  262
Epoch  1
Epoch  2
Epoch  3
Epoch  4
Epoch  5
Sim  263
Epoch  1
Epoch  2
Epoch  3
Epoch  4
Epoch  5
Sim  264
Epoch  1
Epoch  2
Epoch  3
Epoch  4
Epoch  5
Sim  265
Epoch  1
Epoch  2
Epoch  3
Epoch  4
Epoch  5
Sim  266
Epoch  1
Epoch  2
Epoch  3
Epoch  4
Epoch  5
Sim  267
Epoch  1
Epoch  2
Epoch  3
Epoch  4
Epoch  5
Sim  268
Epoch  1
Epoch  2
Epoch  3
Epoch  4
Epoch  5
Sim  269
Epoch  1
Epoch  2
Epoch  3
Epoch  4
Epoch  5
Sim  270
Epoch  1
Epoch  2
Epoch  3
Epoch  4
Epoch  5
Sim  271
Epoch  1
Epoch  2
Epoch  3
Epoch  4
Epoch  5
Sim  272
Epoch  1
Epoch  2
Epoch  3
Epoch  4
Epoch  5
Sim  273
Epoch  1
Epoch  2
Epoch  3
Epoch  4
Epoch  5
Sim  274
Epoch  1
Epoch  2
Epoch  3
Epoch  4
Epoch  5
Sim  275
Epoch  1
Epoch  2
Epoch  3
Epoch  4
Epoch  5
Sim  276
Epoch  1
Epoch  2
Epoch  3
Epoch  4
Epoch  5
Sim  277
Epoch  1
Epoch  2
Epoch  3
Epoch  4
Epoch  5
Sim  278
Epoch  1
Epoch  2
Epoch  3
Epoch  4
Epoch  5
Sim  279
Epoch  1
Epoch  2
Epoch  3
Epoch  4
Epoch  5
Sim  280
Epoch  1
Epoch  2
Epoch  3
Epoch  4
Epoch  5
Sim  281
Epoch  1
Epoch  2
Epoch  3
Epoch  4
Epoch  5
Sim  282
Epoch  1
Epoch  2
Epoch  3
Epoch  4
Epoch  5
Sim  283
Epoch  1
Epoch  2
Epoch  3
Epoch  4
Epoch  5
Sim  284
Epoch  1
Epoch  2
Epoch  3
Epoch  4
Epoch  5
Sim  285
Epoch  1
Epoch  2
Epoch  3
Epoch  4
Epoch  5
Sim  286
Epoch  1
Epoch  2
Epoch  3
Epoch  4
Epoch  5
Sim  287
Epoch  1
Epoch  2
Epoch  3
Epoch  4
Epoch  5
Sim  288
Epoch  1
Epoch  2
Epoch  3
Epoch  4
Epoch  5
Sim  289
Epoch  1
Epoch  2
Epoch  3
Epoch  4
Epoch  5
Sim  290
Epoch  1
Epoch  2
Epoch  3
Epoch  4
Epoch  5
Sim  291
Epoch  1
Epoch  2
Epoch  3
Epoch  4
Epoch  5
Sim  292
Epoch  1
Epoch  2
Epoch  3
Epoch  4
Epoch  5
Sim  293
Epoch  1
Epoch  2
Epoch  3
Epoch  4
Epoch  5
Sim  294
Epoch  1
Epoch  2
Epoch  3
Epoch  4
Epoch  5
Sim  295
Epoch  1
Epoch  2
Epoch  3
Epoch  4
Epoch  5
Sim  296
Epoch  1
Epoch  2
Epoch  3
Epoch  4
Epoch  5
Sim  297
Epoch  1
Epoch  2
Epoch  3
Epoch  4
Epoch  5
Sim  298
Epoch  1
Epoch  2
Epoch  3
Epoch  4
Epoch  5
Sim  299
Epoch  1
Epoch  2
Epoch  3
Epoch  4
Epoch  5
Sim  300
Epoch  1
Epoch  2
Epoch  3
Epoch  4
Epoch  5
Sim  301
Epoch  1
Epoch  2
Epoch  3
Epoch  4
Epoch  5
Sim  302
Epoch  1
Epoch  2
Epoch  3
Epoch  4
Epoch  5
Sim  303
Epoch  1
Epoch  2
Epoch  3
Epoch  4
Epoch  5
Sim  304
Epoch  1
Epoch  2
Epoch  3
Epoch  4
Epoch  5
Sim  305
Epoch  1
Epoch  2
Epoch  3
Epoch  4
Epoch  5
Sim  306
Epoch  1
Epoch  2
Epoch  3
Epoch  4
Epoch  5
Sim  307
Epoch  1
Epoch  2
Epoch  3
Epoch  4
Epoch  5
Sim  308
Epoch  1
Epoch  2
Epoch  3
Epoch  4
Epoch  5
Sim  309
Epoch  1
Epoch  2
Epoch  3
Epoch  4
Epoch  5
Sim  310
Epoch  1
Epoch  2
Epoch  3
Epoch  4
Epoch  5
Sim  311
Epoch  1
Epoch  2
Epoch  3
Epoch  4
Epoch  5
Sim  312
Epoch  1
Epoch  2
Epoch  3
Epoch  4
Epoch  5
Sim  313
Epoch  1
Epoch  2
Epoch  3
Epoch  4
Epoch  5
Sim  314
Epoch  1
Epoch  2
Epoch  3
Epoch  4
Epoch  5
Sim  315
Epoch  1
Epoch  2
Epoch  3
Epoch  4
Epoch  5
Sim  316
Epoch  1
Epoch  2
Epoch  3
Epoch  4
Epoch  5
Sim  317
Epoch  1
Epoch  2
Epoch  3
Epoch  4
Epoch  5
Sim  318
Epoch  1
Epoch  2
Epoch  3
Epoch  4
Epoch  5
Sim  319
Epoch  1
Epoch  2
Epoch  3
Epoch  4
Epoch  5
Sim  320
Epoch  1
Epoch  2
Epoch  3
Epoch  4
Epoch  5
Sim  321
Epoch  1
Epoch  2
Epoch  3
Epoch  4
Epoch  5
Sim  322
Epoch  1
Epoch  2
Epoch  3
Epoch  4
Epoch  5
Sim  323
Epoch  1
Epoch  2
Epoch  3
Epoch  4
Epoch  5
Sim  324
Epoch  1
Epoch  2
Epoch  3
Epoch  4
Epoch  5
Sim  325
Epoch  1
Epoch  2
Epoch  3
Epoch  4
Epoch  5
Sim  326
Epoch  1
Epoch  2
Epoch  3
Epoch  4
Epoch  5
Sim  327
Epoch  1
Epoch  2
Epoch  3
Epoch  4
Epoch  5
Sim  328
Epoch  1
Epoch  2
Epoch  3
Epoch  4
Epoch  5
Sim  329
Epoch  1
Epoch  2
Epoch  3
Epoch  4
Epoch  5
Sim  330
Epoch  1
Epoch  2
Epoch  3
Epoch  4
Epoch  5
Sim  331
Epoch  1
Epoch  2
Epoch  3
Epoch  4
Epoch  5
Sim  332
Epoch  1
Epoch  2
Epoch  3
Epoch  4
Epoch  5
Sim  333
Epoch  1
Epoch  2
Epoch  3
Epoch  4
Epoch  5
Sim  334
Epoch  1
Epoch  2
Epoch  3
Epoch  4
Epoch  5
Sim  335
Epoch  1
Epoch  2
Epoch  3
Epoch  4
Epoch  5
Sim  336
Epoch  1
Epoch  2
Epoch  3
Epoch  4
Epoch  5
Sim  337
Epoch  1
Epoch  2
Epoch  3
Epoch  4
Epoch  5
Sim  338
Epoch  1
Epoch  2
Epoch  3
Epoch  4
Epoch  5
Sim  339
Epoch  1
Epoch  2
Epoch  3
Epoch  4
Epoch  5
Sim  340
Epoch  1
Epoch  2
Epoch  3
Epoch  4
Epoch  5
Sim  341
Epoch  1
Epoch  2
Epoch  3
Epoch  4
Epoch  5
Sim  342
Epoch  1
Epoch  2
Epoch  3
Epoch  4
Epoch  5
Sim  343
Epoch  1
Epoch  2
Epoch  3
Epoch  4
Epoch  5
Sim  344
Epoch  1
Epoch  2
Epoch  3
Epoch  4
Epoch  5
Sim  345
Epoch  1
Epoch  2
Epoch  3
Epoch  4
Epoch  5
Sim  346
Epoch  1
Epoch  2
Epoch  3
Epoch  4
Epoch  5
Sim  347
Epoch  1
Epoch  2
Epoch  3
Epoch  4
Epoch  5
Sim  348
Epoch  1
Epoch  2
Epoch  3
Epoch  4
Epoch  5
Sim  349
Epoch  1
Epoch  2
Epoch  3
Epoch  4
Epoch  5
Sim  350
Epoch  1
Epoch  2
Epoch  3
Epoch  4
Epoch  5
Sim  351
Epoch  1
Epoch  2
Epoch  3
Epoch  4
Epoch  5
Sim  352
Epoch  1
Epoch  2
Epoch  3
Epoch  4
Epoch  5
Sim  353
Epoch  1
Epoch  2
Epoch  3
Epoch  4
Epoch  5
Sim  354
Epoch  1
Epoch  2
Epoch  3
Epoch  4
Epoch  5
Sim  355
Epoch  1
Epoch  2
Epoch  3
Epoch  4
Epoch  5
Sim  356
Epoch  1
Epoch  2
Epoch  3
Epoch  4
Epoch  5
Sim  357
Epoch  1
Epoch  2
Epoch  3
Epoch  4
Epoch  5
Sim  358
Epoch  1
Epoch  2
Epoch  3
Epoch  4
Epoch  5
Sim  359
Epoch  1
Epoch  2
Epoch  3
Epoch  4
Epoch  5
Sim  360
Epoch  1
Epoch  2
Epoch  3
Epoch  4
Epoch  5
Sim  361
Epoch  1
Epoch  2
Epoch  3
Epoch  4
Epoch  5
Sim  362
Epoch  1
Epoch  2
Epoch  3
Epoch  4
Epoch  5
Sim  363
Epoch  1
Epoch  2
Epoch  3
Epoch  4
Epoch  5
Sim  364
Epoch  1
Epoch  2
Epoch  3
Epoch  4
Epoch  5
Sim  365
Epoch  1
Epoch  2
Epoch  3
Epoch  4
Epoch  5
Sim  366
Epoch  1
Epoch  2
Epoch  3
Epoch  4
Epoch  5
Sim  367
Epoch  1
Epoch  2
Epoch  3
Epoch  4
Epoch  5
Sim  368
Epoch  1
Epoch  2
Epoch  3
Epoch  4
Epoch  5
Sim  369
Epoch  1
Epoch  2
Epoch  3
Epoch  4
Epoch  5
Sim  370
Epoch  1
Epoch  2
Epoch  3
Epoch  4
Epoch  5
Sim  371
Epoch  1
Epoch  2
Epoch  3
Epoch  4
Epoch  5
Sim  372
Epoch  1
Epoch  2
Epoch  3
Epoch  4
Epoch  5
Sim  373
Epoch  1
Epoch  2
Epoch  3
Epoch  4
Epoch  5
Sim  374
Epoch  1
Epoch  2
Epoch  3
Epoch  4
Epoch  5
Sim  375
Epoch  1
Epoch  2
Epoch  3
Epoch  4
Epoch  5
Sim  376
Epoch  1
Epoch  2
Epoch  3
Epoch  4
Epoch  5
Sim  377
Epoch  1
Epoch  2
Epoch  3
Epoch  4
Epoch  5
Sim  378
Epoch  1
Epoch  2
Epoch  3
Epoch  4
Epoch  5
Sim  379
Epoch  1
Epoch  2
Epoch  3
Epoch  4
Epoch  5
Sim  380
Epoch  1
Epoch  2
Epoch  3
Epoch  4
Epoch  5
Sim  381
Epoch  1
Epoch  2
Epoch  3
Epoch  4
Epoch  5
Sim  382
Epoch  1
Epoch  2
Epoch  3
Epoch  4
Epoch  5
Sim  383
Epoch  1
Epoch  2
Epoch  3
Epoch  4
Epoch  5
Sim  384
Epoch  1
Epoch  2
Epoch  3
Epoch  4
Epoch  5
Sim  385
Epoch  1
Epoch  2
Epoch  3
Epoch  4
Epoch  5
Sim  386
Epoch  1
Epoch  2
Epoch  3
Epoch  4
Epoch  5
Sim  387
Epoch  1
Epoch  2
Epoch  3
Epoch  4
Epoch  5
Sim  388
Epoch  1
Epoch  2
Epoch  3
Epoch  4
Epoch  5
Sim  389
Epoch  1
Epoch  2
Epoch  3
Epoch  4
Epoch  5
Sim  390
Epoch  1
Epoch  2
Epoch  3
Epoch  4
Epoch  5
Sim  391
Epoch  1
Epoch  2
Epoch  3
Epoch  4
Epoch  5
Sim  392
Epoch  1
Epoch  2
Epoch  3
Epoch  4
Epoch  5
Sim  393
Epoch  1
Epoch  2
Epoch  3
Epoch  4
Epoch  5
Sim  394
Epoch  1
Epoch  2
Epoch  3
Epoch  4
Epoch  5
Sim  395
Epoch  1
Epoch  2
Epoch  3
Epoch  4
Epoch  5
Sim  396
Epoch  1
Epoch  2
Epoch  3
Epoch  4
Epoch  5
Sim  397
Epoch  1
Epoch  2
Epoch  3
Epoch  4
Epoch  5
Sim  398
Epoch  1
Epoch  2
Epoch  3
Epoch  4
Epoch  5
Sim  399
Epoch  1
Epoch  2
Epoch  3
Epoch  4
Epoch  5
Sim  400
Epoch  1
Epoch  2
Epoch  3
Epoch  4
Epoch  5
Sim  401
Epoch  1
Epoch  2
Epoch  3
Epoch  4
Epoch  5
Sim  402
Epoch  1
Epoch  2
Epoch  3
Epoch  4
Epoch  5
Sim  403
Epoch  1
Epoch  2
Epoch  3
Epoch  4
Epoch  5
Sim  404
Epoch  1
Epoch  2
Epoch  3
Epoch  4
Epoch  5
Sim  405
Epoch  1
Epoch  2
Epoch  3
Epoch  4
Epoch  5
Sim  406
Epoch  1
Epoch  2
Epoch  3
Epoch  4
Epoch  5
Sim  407
Epoch  1
Epoch  2
Epoch  3
Epoch  4
Epoch  5
Sim  408
Epoch  1
Epoch  2
Epoch  3
Epoch  4
Epoch  5
Sim  409
Epoch  1
Epoch  2
Epoch  3
Epoch  4
Epoch  5
Sim  410
Epoch  1
Epoch  2
Epoch  3
Epoch  4
Epoch  5
Sim  411
Epoch  1
Epoch  2
Epoch  3
Epoch  4
Epoch  5
Sim  412
Epoch  1
Epoch  2
Epoch  3
Epoch  4
Epoch  5
Sim  413
Epoch  1
Epoch  2
Epoch  3
Epoch  4
Epoch  5
Sim  414
Epoch  1
Epoch  2
Epoch  3
Epoch  4
Epoch  5
Sim  415
Epoch  1
Epoch  2
Epoch  3
Epoch  4
Epoch  5
Sim  416
Epoch  1
Epoch  2
Epoch  3
Epoch  4
Epoch  5
Sim  417
Epoch  1
Epoch  2
Epoch  3
Epoch  4
Epoch  5
Sim  418
Epoch  1
Epoch  2
Epoch  3
Epoch  4
Epoch  5
Sim  419
Epoch  1
Epoch  2
Epoch  3
Epoch  4
Epoch  5
Sim  420
Epoch  1
Epoch  2
Epoch  3
Epoch  4
Epoch  5
Sim  421
Epoch  1
Epoch  2
Epoch  3
Epoch  4
Epoch  5
Sim  422
Epoch  1
Epoch  2
Epoch  3
Epoch  4
Epoch  5
Sim  423
Epoch  1
Epoch  2
Epoch  3
Epoch  4
Epoch  5
Sim  424
Epoch  1
Epoch  2
Epoch  3
Epoch  4
Epoch  5
Sim  425
Epoch  1
Epoch  2
Epoch  3
Epoch  4
Epoch  5
Sim  426
Epoch  1
Epoch  2
Epoch  3
Epoch  4
Epoch  5
Sim  427
Epoch  1
Epoch  2
Epoch  3
Epoch  4
Epoch  5
Sim  428
Epoch  1
Epoch  2
Epoch  3
Epoch  4
Epoch  5
Sim  429
Epoch  1
Epoch  2
Epoch  3
Epoch  4
Epoch  5
Sim  430
Epoch  1
Epoch  2
Epoch  3
Epoch  4
Epoch  5
Sim  431
Epoch  1
Epoch  2
Epoch  3
Epoch  4
Epoch  5
Sim  432
Epoch  1
Epoch  2
Epoch  3
Epoch  4
Epoch  5
Sim  433
Epoch  1
Epoch  2
Epoch  3
Epoch  4
Epoch  5
Sim  434
Epoch  1
Epoch  2
Epoch  3
Epoch  4
Epoch  5
Sim  435
Epoch  1
Epoch  2
Epoch  3
Epoch  4
Epoch  5
Sim  436
Epoch  1
Epoch  2
Epoch  3
Epoch  4
Epoch  5
Sim  437
Epoch  1
Epoch  2
Epoch  3
Epoch  4
Epoch  5
Sim  438
Epoch  1
Epoch  2
Epoch  3
Epoch  4
Epoch  5
Sim  439
Epoch  1
Epoch  2
Epoch  3
Epoch  4
Epoch  5
Sim  440
Epoch  1
Epoch  2
Epoch  3
Epoch  4
Epoch  5
Sim  441
Epoch  1
Epoch  2
Epoch  3
Epoch  4
Epoch  5
Sim  442
Epoch  1
Epoch  2
Epoch  3
Epoch  4
Epoch  5
Sim  443
Epoch  1
Epoch  2
Epoch  3
Epoch  4
Epoch  5
Sim  444
Epoch  1
Epoch  2
Epoch  3
Epoch  4
Epoch  5
Sim  445
Epoch  1
Epoch  2
Epoch  3
Epoch  4
Epoch  5
Sim  446
Epoch  1
Epoch  2
Epoch  3
Epoch  4
Epoch  5
Sim  447
Epoch  1
Epoch  2
Epoch  3
Epoch  4
Epoch  5
Sim  448
Epoch  1
Epoch  2
Epoch  3
Epoch  4
Epoch  5
Sim  449
Epoch  1
Epoch  2
Epoch  3
Epoch  4
Epoch  5
Sim  450
Epoch  1
Epoch  2
Epoch  3
Epoch  4
Epoch  5
Sim  451
Epoch  1
Epoch  2
Epoch  3
Epoch  4
Epoch  5
Sim  452
Epoch  1
Epoch  2
Epoch  3
Epoch  4
Epoch  5
Sim  453
Epoch  1
Epoch  2
Epoch  3
Epoch  4
Epoch  5
Sim  454
Epoch  1
Epoch  2
Epoch  3
Epoch  4
Epoch  5
Sim  455
Epoch  1
Epoch  2
Epoch  3
Epoch  4
Epoch  5
Sim  456
Epoch  1
Epoch  2
Epoch  3
Epoch  4
Epoch  5
Sim  457
Epoch  1
Epoch  2
Epoch  3
Epoch  4
Epoch  5
Sim  458
Epoch  1
Epoch  2
Epoch  3
Epoch  4
Epoch  5
Sim  459
Epoch  1
Epoch  2
Epoch  3
Epoch  4
Epoch  5
Sim  460
Epoch  1
Epoch  2
Epoch  3
Epoch  4
Epoch  5
Sim  461
Epoch  1
Epoch  2
Epoch  3
Epoch  4
Epoch  5
Sim  462
Epoch  1
Epoch  2
Epoch  3
Epoch  4
Epoch  5
Sim  463
Epoch  1
Epoch  2
Epoch  3
Epoch  4
Epoch  5
Sim  464
Epoch  1
Epoch  2
Epoch  3
Epoch  4
Epoch  5
Sim  465
Epoch  1
Epoch  2
Epoch  3
Epoch  4
Epoch  5
Sim  466
Epoch  1
Epoch  2
Epoch  3
Epoch  4
Epoch  5
Sim  467
Epoch  1
Epoch  2
Epoch  3
Epoch  4
Epoch  5
Sim  468
Epoch  1
Epoch  2
Epoch  3
Epoch  4
Epoch  5
Sim  469
Epoch  1
Epoch  2
Epoch  3
Epoch  4
Epoch  5
Sim  470
Epoch  1
Epoch  2
Epoch  3
Epoch  4
Epoch  5
Sim  471
Epoch  1
Epoch  2
Epoch  3
Epoch  4
Epoch  5
Sim  472
Epoch  1
Epoch  2
Epoch  3
Epoch  4
Epoch  5
Sim  473
Epoch  1
Epoch  2
Epoch  3
Epoch  4
Epoch  5
Sim  474
Epoch  1
Epoch  2
Epoch  3
Epoch  4
Epoch  5
Sim  475
Epoch  1
Epoch  2
Epoch  3
Epoch  4
Epoch  5
Sim  476
Epoch  1
Epoch  2
Epoch  3
Epoch  4
Epoch  5
Sim  477
Epoch  1
Epoch  2
Epoch  3
Epoch  4
Epoch  5
Sim  478
Epoch  1
Epoch  2
Epoch  3
Epoch  4
Epoch  5
Sim  479
Epoch  1
Epoch  2
Epoch  3
Epoch  4
Epoch  5
Sim  480
Epoch  1
Epoch  2
Epoch  3
Epoch  4
Epoch  5
Sim  481
Epoch  1
Epoch  2
Epoch  3
Epoch  4
Epoch  5
Sim  482
Epoch  1
Epoch  2
Epoch  3
Epoch  4
Epoch  5
Sim  483
Epoch  1
Epoch  2
Epoch  3
Epoch  4
Epoch  5
Sim  484
Epoch  1
Epoch  2
Epoch  3
Epoch  4
Epoch  5
Sim  485
Epoch  1
Epoch  2
Epoch  3
Epoch  4
Epoch  5
Sim  486
Epoch  1
Epoch  2
Epoch  3
Epoch  4
Epoch  5
Sim  487
Epoch  1
Epoch  2
Epoch  3
Epoch  4
Epoch  5
Sim  488
Epoch  1
Epoch  2
Epoch  3
Epoch  4
Epoch  5
Sim  489
Epoch  1
Epoch  2
Epoch  3
Epoch  4
Epoch  5
Sim  490
Epoch  1
Epoch  2
Epoch  3
Epoch  4
Epoch  5
Sim  491
Epoch  1
Epoch  2
Epoch  3
Epoch  4
Epoch  5
Sim  492
Epoch  1
Epoch  2
Epoch  3
Epoch  4
Epoch  5
Sim  493
Epoch  1
Epoch  2
Epoch  3
Epoch  4
Epoch  5
Sim  494
Epoch  1
Epoch  2
Epoch  3
Epoch  4
Epoch  5
Sim  495
Epoch  1
Epoch  2
Epoch  3
Epoch  4
Epoch  5
Sim  496
Epoch  1
Epoch  2
Epoch  3
Epoch  4
Epoch  5
Sim  497
Epoch  1
Epoch  2
Epoch  3
Epoch  4
Epoch  5
Sim  498
Epoch  1
Epoch  2
Epoch  3
Epoch  4
Epoch  5
Sim  499
Epoch  1
Epoch  2
Epoch  3
Epoch  4
Epoch  5
Sim  500
Epoch  1
Epoch  2
Epoch  3
Epoch  4
Epoch  5
Sim  501
Epoch  1
Epoch  2
Epoch  3
Epoch  4
Epoch  5
Sim  502
Epoch  1
Epoch  2
Epoch  3
Epoch  4
Epoch  5
Sim  503
Epoch  1
Epoch  2
Epoch  3
Epoch  4
Epoch  5
Sim  504
Epoch  1
Epoch  2
Epoch  3
Epoch  4
Epoch  5
Sim  505
Epoch  1
Epoch  2
Epoch  3
Epoch  4
Epoch  5
Sim  506
Epoch  1
Epoch  2
Epoch  3
Epoch  4
Epoch  5
Sim  507
Epoch  1
Epoch  2
Epoch  3
Epoch  4
Epoch  5
Sim  508
Epoch  1
Epoch  2
Epoch  3
Epoch  4
Epoch  5
Sim  509
Epoch  1
Epoch  2
Epoch  3
Epoch  4
Epoch  5
Sim  510
Epoch  1
Epoch  2
Epoch  3
Epoch  4
Epoch  5
Sim  511
Epoch  1
Epoch  2
Epoch  3
Epoch  4
Epoch  5
Sim  512
Epoch  1
Epoch  2
Epoch  3
Epoch  4
Epoch  5
Sim  513
Epoch  1
Epoch  2
Epoch  3
Epoch  4
Epoch  5
Sim  514
Epoch  1
Epoch  2
Epoch  3
Epoch  4
Epoch  5
Sim  515
Epoch  1
Epoch  2
Epoch  3
Epoch  4
Epoch  5
Sim  516
Epoch  1
Epoch  2
Epoch  3
Epoch  4
Epoch  5
Sim  517
Epoch  1
Epoch  2
Epoch  3
Epoch  4
Epoch  5
Sim  518
Epoch  1
Epoch  2
Epoch  3
Epoch  4
Epoch  5
Sim  519
Epoch  1
Epoch  2
Epoch  3
Epoch  4
Epoch  5
Sim  520
Epoch  1
Epoch  2
Epoch  3
Epoch  4
Epoch  5
Sim  521
Epoch  1
Epoch  2
Epoch  3
Epoch  4
Epoch  5
Sim  522
Epoch  1
Epoch  2
Epoch  3
Epoch  4
Epoch  5
Sim  523
Epoch  1
Epoch  2
Epoch  3
Epoch  4
Epoch  5
Sim  524
Epoch  1
Epoch  2
Epoch  3
Epoch  4
Epoch  5
Sim  525
Epoch  1
Epoch  2
Epoch  3
Epoch  4
Epoch  5
Sim  526
Epoch  1
Epoch  2
Epoch  3
Epoch  4
Epoch  5
Sim  527
Epoch  1
Epoch  2
Epoch  3
Epoch  4
Epoch  5
Sim  528
Epoch  1
Epoch  2
Epoch  3
Epoch  4
Epoch  5
Sim  529
Epoch  1
Epoch  2
Epoch  3
Epoch  4
Epoch  5
Sim  530
Epoch  1
Epoch  2
Epoch  3
Epoch  4
Epoch  5
Sim  531
Epoch  1
Epoch  2
Epoch  3
Epoch  4
Epoch  5
Sim  532
Epoch  1
Epoch  2
Epoch  3
Epoch  4
Epoch  5
Sim  533
Epoch  1
Epoch  2
Epoch  3
Epoch  4
Epoch  5
Sim  534
Epoch  1
Epoch  2
Epoch  3
Epoch  4
Epoch  5
Sim  535
Epoch  1
Epoch  2
Epoch  3
Epoch  4
Epoch  5
Sim  536
Epoch  1
Epoch  2
Epoch  3
Epoch  4
Epoch  5
Sim  537
Epoch  1
Epoch  2
Epoch  3
Epoch  4
Epoch  5
Sim  538
Epoch  1
Epoch  2
Epoch  3
Epoch  4
Epoch  5
Sim  539
Epoch  1
Epoch  2
Epoch  3
Epoch  4
Epoch  5
Sim  540
Epoch  1
Epoch  2
Epoch  3
Epoch  4
Epoch  5
Sim  541
Epoch  1
Epoch  2
Epoch  3
Epoch  4
Epoch  5
Sim  542
Epoch  1
Epoch  2
Epoch  3
Epoch  4
Epoch  5
Sim  543
Epoch  1
Epoch  2
Epoch  3
Epoch  4
Epoch  5
Sim  544
Epoch  1
Epoch  2
Epoch  3
Epoch  4
Epoch  5
Sim  545
Epoch  1
Epoch  2
Epoch  3
Epoch  4
Epoch  5
Sim  546
Epoch  1
Epoch  2
Epoch  3
Epoch  4
Epoch  5
Sim  547
Epoch  1
Epoch  2
Epoch  3
Epoch  4
Epoch  5
Sim  548
Epoch  1
Epoch  2
Epoch  3
Epoch  4
Epoch  5
Sim  549
Epoch  1
Epoch  2
Epoch  3
Epoch  4
Epoch  5
Sim  550
Epoch  1
Epoch  2
Epoch  3
Epoch  4
Epoch  5
Sim  551
Epoch  1
Epoch  2
Epoch  3
Epoch  4
Epoch  5
Sim  552
Epoch  1
Epoch  2
Epoch  3
Epoch  4
Epoch  5
Sim  553
Epoch  1
Epoch  2
Epoch  3
Epoch  4
Epoch  5
Sim  554
Epoch  1
Epoch  2
Epoch  3
Epoch  4
Epoch  5
Sim  555
Epoch  1
Epoch  2
Epoch  3
Epoch  4
Epoch  5
Sim  556
Epoch  1
Epoch  2
Epoch  3
Epoch  4
Epoch  5
Sim  557
Epoch  1
Epoch  2
Epoch  3
Epoch  4
Epoch  5
Sim  558
Epoch  1
Epoch  2
Epoch  3
Epoch  4
Epoch  5
Sim  559
Epoch  1
Epoch  2
Epoch  3
Epoch  4
Epoch  5
Sim  560
Epoch  1
Epoch  2
Epoch  3
Epoch  4
Epoch  5
Sim  561
Epoch  1
Epoch  2
Epoch  3
Epoch  4
Epoch  5
Sim  562
Epoch  1
Epoch  2
Epoch  3
Epoch  4
Epoch  5
Sim  563
Epoch  1
Epoch  2
Epoch  3
Epoch  4
Epoch  5
Sim  564
Epoch  1
Epoch  2
Epoch  3
Epoch  4
Epoch  5
Sim  565
Epoch  1
Epoch  2
Epoch  3
Epoch  4
Epoch  5
Sim  566
Epoch  1
Epoch  2
Epoch  3
Epoch  4
Epoch  5
Sim  567
Epoch  1
Epoch  2
Epoch  3
Epoch  4
Epoch  5
Sim  568
Epoch  1
Epoch  2
Epoch  3
Epoch  4
Epoch  5
Sim  569
Epoch  1
Epoch  2
Epoch  3
Epoch  4
Epoch  5
Sim  570
Epoch  1
Epoch  2
Epoch  3
Epoch  4
Epoch  5
Sim  571
Epoch  1
Epoch  2
Epoch  3
Epoch  4
Epoch  5
Sim  572
Epoch  1
Epoch  2
Epoch  3
Epoch  4
Epoch  5
Sim  573
Epoch  1
Epoch  2
Epoch  3
Epoch  4
Epoch  5
Sim  574
Epoch  1
Epoch  2
Epoch  3
Epoch  4
Epoch  5
Sim  575
Epoch  1
Epoch  2
Epoch  3
Epoch  4
Epoch  5
Sim  576
Epoch  1
Epoch  2
Epoch  3
Epoch  4
Epoch  5
Sim  577
Epoch  1
Epoch  2
Epoch  3
Epoch  4
Epoch  5
Sim  578
Epoch  1
Epoch  2
Epoch  3
Epoch  4
Epoch  5
Sim  579
Epoch  1
Epoch  2
Epoch  3
Epoch  4
Epoch  5
Sim  580
Epoch  1
Epoch  2
Epoch  3
Epoch  4
Epoch  5
Sim  581
Epoch  1
Epoch  2
Epoch  3
Epoch  4
Epoch  5
Sim  582
Epoch  1
Epoch  2
Epoch  3
Epoch  4
Epoch  5
Sim  583
Epoch  1
Epoch  2
Epoch  3
Epoch  4
Epoch  5
Sim  584
Epoch  1
Epoch  2
Epoch  3
Epoch  4
Epoch  5
Sim  585
Epoch  1
Epoch  2
Epoch  3
Epoch  4
Epoch  5
Sim  586
Epoch  1
Epoch  2
Epoch  3
Epoch  4
Epoch  5
Sim  587
Epoch  1
Epoch  2
Epoch  3
Epoch  4
Epoch  5
Sim  588
Epoch  1
Epoch  2
Epoch  3
Epoch  4
Epoch  5
Sim  589
Epoch  1
Epoch  2
Epoch  3
Epoch  4
Epoch  5
Sim  590
Epoch  1
Epoch  2
Epoch  3
Epoch  4
Epoch  5
Sim  591
Epoch  1
Epoch  2
Epoch  3
Epoch  4
Epoch  5
Sim  592
Epoch  1
Epoch  2
Epoch  3
Epoch  4
Epoch  5
Sim  593
Epoch  1
Epoch  2
Epoch  3
Epoch  4
Epoch  5
Sim  594
Epoch  1
Epoch  2
Epoch  3
Epoch  4
Epoch  5
Sim  595
Epoch  1
Epoch  2
Epoch  3
Epoch  4
Epoch  5
Sim  596
Epoch  1
Epoch  2
Epoch  3
Epoch  4
Epoch  5
Sim  597
Epoch  1
Epoch  2
Epoch  3
Epoch  4
Epoch  5
Sim  598
Epoch  1
Epoch  2
Epoch  3
Epoch  4
Epoch  5
Sim  599
Epoch  1
Epoch  2
Epoch  3
Epoch  4
Epoch  5
Sim  600
Epoch  1
Epoch  2
Epoch  3
Epoch  4
Epoch  5
Sim  601
Epoch  1
Epoch  2
Epoch  3
Epoch  4
Epoch  5
Sim  602
Epoch  1
Epoch  2
Epoch  3
Epoch  4
Epoch  5
Sim  603
Epoch  1
Epoch  2
Epoch  3
Epoch  4
Epoch  5
Sim  604
Epoch  1
Epoch  2
Epoch  3
Epoch  4
Epoch  5
Sim  605
Epoch  1
Epoch  2
Epoch  3
Epoch  4
Epoch  5
Sim  606
Epoch  1
Epoch  2
Epoch  3
Epoch  4
Epoch  5
Sim  607
Epoch  1
Epoch  2
Epoch  3
Epoch  4
Epoch  5
Sim  608
Epoch  1
Epoch  2
Epoch  3
Epoch  4
Epoch  5
Sim  609
Epoch  1
Epoch  2
Epoch  3
Epoch  4
Epoch  5
Sim  610
Epoch  1
Epoch  2
Epoch  3
Epoch  4
Epoch  5
Sim  611
Epoch  1
Epoch  2
Epoch  3
Epoch  4
Epoch  5
Sim  612
Epoch  1
Epoch  2
Epoch  3
Epoch  4
Epoch  5
Sim  613
Epoch  1
Epoch  2
Epoch  3
Epoch  4
Epoch  5
Sim  614
Epoch  1
Epoch  2
Epoch  3
Epoch  4
Epoch  5
Sim  615
Epoch  1
Epoch  2
Epoch  3
Epoch  4
Epoch  5
Sim  616
Epoch  1
Epoch  2
Epoch  3
Epoch  4
Epoch  5
Sim  617
Epoch  1
Epoch  2
Epoch  3
Epoch  4
Epoch  5
Sim  618
Epoch  1
Epoch  2
Epoch  3
Epoch  4
Epoch  5
Sim  619
Epoch  1
Epoch  2
Epoch  3
Epoch  4
Epoch  5
Sim  620
Epoch  1
Epoch  2
Epoch  3
Epoch  4
Epoch  5
Sim  621
Epoch  1
Epoch  2
Epoch  3
Epoch  4
Epoch  5
Sim  622
Epoch  1
Epoch  2
Epoch  3
Epoch  4
Epoch  5
Sim  623
Epoch  1
Epoch  2
Epoch  3
Epoch  4
Epoch  5
Sim  624
Epoch  1
Epoch  2
Epoch  3
Epoch  4
Epoch  5
Sim  625
Epoch  1
Epoch  2
Epoch  3
Epoch  4
Epoch  5
Sim  626
Epoch  1
Epoch  2
Epoch  3
Epoch  4
Epoch  5
Sim  627
Epoch  1
Epoch  2
Epoch  3
Epoch  4
Epoch  5
Sim  628
Epoch  1
Epoch  2
Epoch  3
Epoch  4
Epoch  5
Sim  629
Epoch  1
Epoch  2
Epoch  3
Epoch  4
Epoch  5
Sim  630
Epoch  1
Epoch  2
Epoch  3
Epoch  4
Epoch  5
Sim  631
Epoch  1
Epoch  2
Epoch  3
Epoch  4
Epoch  5
Sim  632
Epoch  1
Epoch  2
Epoch  3
Epoch  4
Epoch  5
Sim  633
Epoch  1
Epoch  2
Epoch  3
Epoch  4
Epoch  5
Sim  634
Epoch  1
Epoch  2
Epoch  3
Epoch  4
Epoch  5
Sim  635
Epoch  1
Epoch  2
Epoch  3
Epoch  4
Epoch  5
Sim  636
Epoch  1
Epoch  2
Epoch  3
Epoch  4
Epoch  5
Sim  637
Epoch  1
Epoch  2
Epoch  3
Epoch  4
Epoch  5
Sim  638
Epoch  1
Epoch  2
Epoch  3
Epoch  4
Epoch  5
Sim  639
Epoch  1
Epoch  2
Epoch  3
Epoch  4
Epoch  5
Sim  640
Epoch  1
Epoch  2
Epoch  3
Epoch  4
Epoch  5
Sim  641
Epoch  1
Epoch  2
Epoch  3
Epoch  4
Epoch  5
Sim  642
Epoch  1
Epoch  2
Epoch  3
Epoch  4
Epoch  5
Sim  643
Epoch  1
Epoch  2
Epoch  3
Epoch  4
Epoch  5
Sim  644
Epoch  1
Epoch  2
Epoch  3
Epoch  4
Epoch  5
Sim  645
Epoch  1
Epoch  2
Epoch  3
Epoch  4
Epoch  5
Sim  646
Epoch  1
Epoch  2
Epoch  3
Epoch  4
Epoch  5
Sim  647
Epoch  1
Epoch  2
Epoch  3
Epoch  4
Epoch  5
Sim  648
Epoch  1
Epoch  2
Epoch  3
Epoch  4
Epoch  5
Sim  649
Epoch  1
Epoch  2
Epoch  3
Epoch  4
Epoch  5
Sim  650
Epoch  1
Epoch  2
Epoch  3
Epoch  4
Epoch  5
Sim  651
Epoch  1
Epoch  2
Epoch  3
Epoch  4
Epoch  5
Sim  652
Epoch  1
Epoch  2
Epoch  3
Epoch  4
Epoch  5
Sim  653
Epoch  1
Epoch  2
Epoch  3
Epoch  4
Epoch  5
Sim  654
Epoch  1
Epoch  2
Epoch  3
Epoch  4
Epoch  5
Sim  655
Epoch  1
Epoch  2
Epoch  3
Epoch  4
Epoch  5
Sim  656
Epoch  1
Epoch  2
Epoch  3
Epoch  4
Epoch  5
Sim  657
Epoch  1
Epoch  2
Epoch  3
Epoch  4
Epoch  5
Sim  658
Epoch  1
Epoch  2
Epoch  3
Epoch  4
Epoch  5
Sim  659
Epoch  1
Epoch  2
Epoch  3
Epoch  4
Epoch  5
Sim  660
Epoch  1
Epoch  2
Epoch  3
Epoch  4
Epoch  5
Sim  661
Epoch  1
Epoch  2
Epoch  3
Epoch  4
Epoch  5
Sim  662
Epoch  1
Epoch  2
Epoch  3
Epoch  4
Epoch  5
Sim  663
Epoch  1
Epoch  2
Epoch  3
Epoch  4
Epoch  5
Sim  664
Epoch  1
Epoch  2
Epoch  3
Epoch  4
Epoch  5
Sim  665
Epoch  1
Epoch  2
Epoch  3
Epoch  4
Epoch  5
Sim  666
Epoch  1
Epoch  2
Epoch  3
Epoch  4
Epoch  5
Sim  667
Epoch  1
Epoch  2
Epoch  3
Epoch  4
Epoch  5
Sim  668
Epoch  1
Epoch  2
Epoch  3
Epoch  4
Epoch  5
Sim  669
Epoch  1
Epoch  2
Epoch  3
Epoch  4
Epoch  5
Sim  670
Epoch  1
Epoch  2
Epoch  3
Epoch  4
Epoch  5
Sim  671
Epoch  1
Epoch  2
Epoch  3
Epoch  4
Epoch  5
Sim  672
Epoch  1
Epoch  2
Epoch  3
Epoch  4
Epoch  5
Sim  673
Epoch  1
Epoch  2
Epoch  3
Epoch  4
Epoch  5
Sim  674
Epoch  1
Epoch  2
Epoch  3
Epoch  4
Epoch  5
Sim  675
Epoch  1
Epoch  2
Epoch  3
Epoch  4
Epoch  5
Sim  676
Epoch  1
Epoch  2
Epoch  3
Epoch  4
Epoch  5
Sim  677
Epoch  1
Epoch  2
Epoch  3
Epoch  4
Epoch  5
Sim  678
Epoch  1
Epoch  2
Epoch  3
Epoch  4
Epoch  5
Sim  679
Epoch  1
Epoch  2
Epoch  3
Epoch  4
Epoch  5
Sim  680
Epoch  1
Epoch  2
Epoch  3
Epoch  4
Epoch  5
Sim  681
Epoch  1
Epoch  2
Epoch  3
Epoch  4
Epoch  5
Sim  682
Epoch  1
Epoch  2
Epoch  3
Epoch  4
Epoch  5
Sim  683
Epoch  1
Epoch  2
Epoch  3
Epoch  4
Epoch  5
Sim  684
Epoch  1
Epoch  2
Epoch  3
Epoch  4
Epoch  5
Sim  685
Epoch  1
Epoch  2
Epoch  3
Epoch  4
Epoch  5
Sim  686
Epoch  1
Epoch  2
Epoch  3
Epoch  4
Epoch  5
Sim  687
Epoch  1
Epoch  2
Epoch  3
Epoch  4
Epoch  5
Sim  688
Epoch  1
Epoch  2
Epoch  3
Epoch  4
Epoch  5
Sim  689
Epoch  1
Epoch  2
Epoch  3
Epoch  4
Epoch  5
Sim  690
Epoch  1
Epoch  2
Epoch  3
Epoch  4
Epoch  5
Sim  691
Epoch  1
Epoch  2
Epoch  3
Epoch  4
Epoch  5
Sim  692
Epoch  1
Epoch  2
Epoch  3
Epoch  4
Epoch  5
Sim  693
Epoch  1
Epoch  2
Epoch  3
Epoch  4
Epoch  5
Sim  694
Epoch  1
Epoch  2
Epoch  3
Epoch  4
Epoch  5
Sim  695
Epoch  1
Epoch  2
Epoch  3
Epoch  4
Epoch  5
Sim  696
Epoch  1
Epoch  2
Epoch  3
Epoch  4
Epoch  5
Sim  697
Epoch  1
Epoch  2
Epoch  3
Epoch  4
Epoch  5
Sim  698
Epoch  1
Epoch  2
Epoch  3
Epoch  4
Epoch  5
Sim  699
Epoch  1
Epoch  2
Epoch  3
Epoch  4
Epoch  5
Sim  700
Epoch  1
Epoch  2
Epoch  3
Epoch  4
Epoch  5
Sim  701
Epoch  1
Epoch  2
Epoch  3
Epoch  4
Epoch  5
Sim  702
Epoch  1
Epoch  2
Epoch  3
Epoch  4
Epoch  5
Sim  703
Epoch  1
Epoch  2
Epoch  3
Epoch  4
Epoch  5
Sim  704
Epoch  1
Epoch  2
Epoch  3
Epoch  4
Epoch  5
Sim  705
Epoch  1
Epoch  2
Epoch  3
Epoch  4
Epoch  5
Sim  706
Epoch  1
Epoch  2
Epoch  3
Epoch  4
Epoch  5
Sim  707
Epoch  1
Epoch  2
Epoch  3
Epoch  4
Epoch  5
Sim  708
Epoch  1
Epoch  2
Epoch  3
Epoch  4
Epoch  5
Sim  709
Epoch  1
Epoch  2
Epoch  3
Epoch  4
Epoch  5
Sim  710
Epoch  1
Epoch  2
Epoch  3
Epoch  4
Epoch  5
Sim  711
Epoch  1
Epoch  2
Epoch  3
Epoch  4
Epoch  5
Sim  712
Epoch  1
Epoch  2
Epoch  3
Epoch  4
Epoch  5
Sim  713
Epoch  1
Epoch  2
Epoch  3
Epoch  4
Epoch  5
Sim  714
Epoch  1
Epoch  2
Epoch  3
Epoch  4
Epoch  5
Sim  715
Epoch  1
Epoch  2
Epoch  3
Epoch  4
Epoch  5
Sim  716
Epoch  1
Epoch  2
Epoch  3
Epoch  4
Epoch  5
Sim  717
Epoch  1
Epoch  2
Epoch  3
Epoch  4
Epoch  5
Sim  718
Epoch  1
Epoch  2
Epoch  3
Epoch  4
Epoch  5
Sim  719
Epoch  1
Epoch  2
Epoch  3
Epoch  4
Epoch  5
Sim  720
Epoch  1
Epoch  2
Epoch  3
Epoch  4
Epoch  5
Sim  721
Epoch  1
Epoch  2
Epoch  3
Epoch  4
Epoch  5
Sim  722
Epoch  1
Epoch  2
Epoch  3
Epoch  4
Epoch  5
Sim  723
Epoch  1
Epoch  2
Epoch  3
Epoch  4
Epoch  5
Sim  724
Epoch  1
Epoch  2
Epoch  3
Epoch  4
Epoch  5
Sim  725
Epoch  1
Epoch  2
Epoch  3
Epoch  4
Epoch  5
Sim  726
Epoch  1
Epoch  2
Epoch  3
Epoch  4
Epoch  5
Sim  727
Epoch  1
Epoch  2
Epoch  3
Epoch  4
Epoch  5
Sim  728
Epoch  1
Epoch  2
Epoch  3
Epoch  4
Epoch  5
Sim  729
Epoch  1
Epoch  2
Epoch  3
Epoch  4
Epoch  5
Sim  730
Epoch  1
Epoch  2
Epoch  3
Epoch  4
Epoch  5
Sim  731
Epoch  1
Epoch  2
Epoch  3
Epoch  4
Epoch  5
Sim  732
Epoch  1
Epoch  2
Epoch  3
Epoch  4
Epoch  5
Sim  733
Epoch  1
Epoch  2
Epoch  3
Epoch  4
Epoch  5
Sim  734
Epoch  1
Epoch  2
Epoch  3
Epoch  4
Epoch  5
Sim  735
Epoch  1
Epoch  2
Epoch  3
Epoch  4
Epoch  5
Sim  736
Epoch  1
Epoch  2
Epoch  3
Epoch  4
Epoch  5
Sim  737
Epoch  1
Epoch  2
Epoch  3
Epoch  4
Epoch  5
Sim  738
Epoch  1
Epoch  2
Epoch  3
Epoch  4
Epoch  5
Sim  739
Epoch  1
Epoch  2
Epoch  3
Epoch  4
Epoch  5
Sim  740
Epoch  1
Epoch  2
Epoch  3
Epoch  4
Epoch  5
Sim  741
Epoch  1
Epoch  2
Epoch  3
Epoch  4
Epoch  5
Sim  742
Epoch  1
Epoch  2
Epoch  3
Epoch  4
Epoch  5
Sim  743
Epoch  1
Epoch  2
Epoch  3
Epoch  4
Epoch  5
Sim  744
Epoch  1
Epoch  2
Epoch  3
Epoch  4
Epoch  5
Sim  745
Epoch  1
Epoch  2
Epoch  3
Epoch  4
Epoch  5
Sim  746
Epoch  1
Epoch  2
Epoch  3
Epoch  4
Epoch  5
Sim  747
Epoch  1
Epoch  2
Epoch  3
Epoch  4
Epoch  5
Sim  748
Epoch  1
Epoch  2
Epoch  3
Epoch  4
Epoch  5
Sim  749
Epoch  1
Epoch  2
Epoch  3
Epoch  4
Epoch  5
Sim  750
Epoch  1
Epoch  2
Epoch  3
Epoch  4
Epoch  5
Sim  751
Epoch  1
Epoch  2
Epoch  3
Epoch  4
Epoch  5
Sim  752
Epoch  1
Epoch  2
Epoch  3
Epoch  4
Epoch  5
Sim  753
Epoch  1
Epoch  2
Epoch  3
Epoch  4
Epoch  5
Sim  754
Epoch  1
Epoch  2
Epoch  3
Epoch  4
Epoch  5
Sim  755
Epoch  1
Epoch  2
Epoch  3
Epoch  4
Epoch  5
Sim  756
Epoch  1
Epoch  2
Epoch  3
Epoch  4
Epoch  5
Sim  757
Epoch  1
Epoch  2
Epoch  3
Epoch  4
Epoch  5
Sim  758
Epoch  1
Epoch  2
Epoch  3
Epoch  4
Epoch  5
Sim  759
Epoch  1
Epoch  2
Epoch  3
Epoch  4
Epoch  5
Sim  760
Epoch  1
Epoch  2
Epoch  3
Epoch  4
Epoch  5
Sim  761
Epoch  1
Epoch  2
Epoch  3
Epoch  4
Epoch  5
Sim  762
Epoch  1
Epoch  2
Epoch  3
Epoch  4
Epoch  5
Sim  763
Epoch  1
Epoch  2
Epoch  3
Epoch  4
Epoch  5
Sim  764
Epoch  1
Epoch  2
Epoch  3
Epoch  4
Epoch  5
Sim  765
Epoch  1
Epoch  2
Epoch  3
Epoch  4
Epoch  5
Sim  766
Epoch  1
Epoch  2
Epoch  3
Epoch  4
Epoch  5
Sim  767
Epoch  1
Epoch  2
Epoch  3
Epoch  4
Epoch  5
Sim  768
Epoch  1
Epoch  2
Epoch  3
Epoch  4
Epoch  5
Sim  769
Epoch  1
Epoch  2
Epoch  3
Epoch  4
Epoch  5
Sim  770
Epoch  1
Epoch  2
Epoch  3
Epoch  4
Epoch  5
Sim  771
Epoch  1
Epoch  2
Epoch  3
Epoch  4
Epoch  5
Sim  772
Epoch  1
Epoch  2
Epoch  3
Epoch  4
Epoch  5
Sim  773
Epoch  1
Epoch  2
Epoch  3
Epoch  4
Epoch  5
Sim  774
Epoch  1
Epoch  2
Epoch  3
Epoch  4
Epoch  5
Sim  775
Epoch  1
Epoch  2
Epoch  3
Epoch  4
Epoch  5
Sim  776
Epoch  1
Epoch  2
Epoch  3
Epoch  4
Epoch  5
Sim  777
Epoch  1
Epoch  2
Epoch  3
Epoch  4
Epoch  5
Sim  778
Epoch  1
Epoch  2
Epoch  3
Epoch  4
Epoch  5
Sim  779
Epoch  1
Epoch  2
Epoch  3
Epoch  4
Epoch  5
Sim  780
Epoch  1
Epoch  2
Epoch  3
Epoch  4
Epoch  5
Sim  781
Epoch  1
Epoch  2
Epoch  3
Epoch  4
Epoch  5
Sim  782
Epoch  1
Epoch  2
Epoch  3
Epoch  4
Epoch  5
Sim  783
Epoch  1
Epoch  2
Epoch  3
Epoch  4
Epoch  5
Sim  784
Epoch  1
Epoch  2
Epoch  3
Epoch  4
Epoch  5
Sim  785
Epoch  1
Epoch  2
Epoch  3
Epoch  4
Epoch  5
Sim  786
Epoch  1
Epoch  2
Epoch  3
Epoch  4
Epoch  5
Sim  787
Epoch  1
Epoch  2
Epoch  3
Epoch  4
Epoch  5
Sim  788
Epoch  1
Epoch  2
Epoch  3
Epoch  4
Epoch  5
Sim  789
Epoch  1
Epoch  2
Epoch  3
Epoch  4
Epoch  5
Sim  790
Epoch  1
Epoch  2
Epoch  3
Epoch  4
Epoch  5
Sim  791
Epoch  1
Epoch  2
Epoch  3
Epoch  4
Epoch  5
Sim  792
Epoch  1
Epoch  2
Epoch  3
Epoch  4
Epoch  5
Sim  793
Epoch  1
Epoch  2
Epoch  3
Epoch  4
Epoch  5
Sim  794
Epoch  1
Epoch  2
Epoch  3
Epoch  4
Epoch  5
Sim  795
Epoch  1
Epoch  2
Epoch  3
Epoch  4
Epoch  5
Sim  796
Epoch  1
Epoch  2
Epoch  3
Epoch  4
Epoch  5
Sim  797
Epoch  1
Epoch  2
Epoch  3
Epoch  4
Epoch  5
Sim  798
Epoch  1
Epoch  2
Epoch  3
Epoch  4
Epoch  5
Sim  799
Epoch  1
Epoch  2
Epoch  3
Epoch  4
Epoch  5
Sim  800
Epoch  1
Epoch  2
Epoch  3
Epoch  4
Epoch  5
Sim  801
Epoch  1
Epoch  2
Epoch  3
Epoch  4
Epoch  5
Sim  802
Epoch  1
Epoch  2
Epoch  3
Epoch  4
Epoch  5
Sim  803
Epoch  1
Epoch  2
Epoch  3
Epoch  4
Epoch  5
Sim  804
Epoch  1
Epoch  2
Epoch  3
Epoch  4
Epoch  5
Sim  805
Epoch  1
Epoch  2
Epoch  3
Epoch  4
Epoch  5
Sim  806
Epoch  1
Epoch  2
Epoch  3
Epoch  4
Epoch  5
Sim  807
Epoch  1
Epoch  2
Epoch  3
Epoch  4
Epoch  5
Sim  808
Epoch  1
Epoch  2
Epoch  3
Epoch  4
Epoch  5
Sim  809
Epoch  1
Epoch  2
Epoch  3
Epoch  4
Epoch  5
Sim  810
Epoch  1
Epoch  2
Epoch  3
Epoch  4
Epoch  5
Sim  811
Epoch  1
Epoch  2
Epoch  3
Epoch  4
Epoch  5
Sim  812
Epoch  1
Epoch  2
Epoch  3
Epoch  4
Epoch  5
Sim  813
Epoch  1
Epoch  2
Epoch  3
Epoch  4
Epoch  5
Sim  814
Epoch  1
Epoch  2
Epoch  3
Epoch  4
Epoch  5
Sim  815
Epoch  1
Epoch  2
Epoch  3
Epoch  4
Epoch  5
Sim  816
Epoch  1
Epoch  2
Epoch  3
Epoch  4
Epoch  5
Sim  817
Epoch  1
Epoch  2
Epoch  3
Epoch  4
Epoch  5
Sim  818
Epoch  1
Epoch  2
Epoch  3
Epoch  4
Epoch  5
Sim  819
Epoch  1
Epoch  2
Epoch  3
Epoch  4
Epoch  5
Sim  820
Epoch  1
Epoch  2
Epoch  3
Epoch  4
Epoch  5
Sim  821
Epoch  1
Epoch  2
Epoch  3
Epoch  4
Epoch  5
Sim  822
Epoch  1
Epoch  2
Epoch  3
Epoch  4
Epoch  5
Sim  823
Epoch  1
Epoch  2
Epoch  3
Epoch  4
Epoch  5
Sim  824
Epoch  1
Epoch  2
Epoch  3
Epoch  4
Epoch  5
Sim  825
Epoch  1
Epoch  2
Epoch  3
Epoch  4
Epoch  5
Sim  826
Epoch  1
Epoch  2
Epoch  3
Epoch  4
Epoch  5
Sim  827
Epoch  1
Epoch  2
Epoch  3
Epoch  4
Epoch  5
Sim  828
Epoch  1
Epoch  2
Epoch  3
Epoch  4
Epoch  5
Sim  829
Epoch  1
Epoch  2
Epoch  3
Epoch  4
Epoch  5
Sim  830
Epoch  1
Epoch  2
Epoch  3
Epoch  4
Epoch  5
Sim  831
Epoch  1
Epoch  2
Epoch  3
Epoch  4
Epoch  5
Sim  832
Epoch  1
Epoch  2
Epoch  3
Epoch  4
Epoch  5
Sim  833
Epoch  1
Epoch  2
Epoch  3
Epoch  4
Epoch  5
Sim  834
Epoch  1
Epoch  2
Epoch  3
Epoch  4
Epoch  5
Sim  835
Epoch  1
Epoch  2
Epoch  3
Epoch  4
Epoch  5
Sim  836
Epoch  1
Epoch  2
Epoch  3
Epoch  4
Epoch  5
Sim  837
Epoch  1
Epoch  2
Epoch  3
Epoch  4
Epoch  5
Sim  838
Epoch  1
Epoch  2
Epoch  3
Epoch  4
Epoch  5
Sim  839
Epoch  1
Epoch  2
Epoch  3
Epoch  4
Epoch  5
Sim  840
Epoch  1
Epoch  2
Epoch  3
Epoch  4
Epoch  5
Sim  841
Epoch  1
Epoch  2
Epoch  3
Epoch  4
Epoch  5
Sim  842
Epoch  1
Epoch  2
Epoch  3
Epoch  4
Epoch  5
Sim  843
Epoch  1
Epoch  2
Epoch  3
Epoch  4
Epoch  5
Sim  844
Epoch  1
Epoch  2
Epoch  3
Epoch  4
Epoch  5
Sim  845
Epoch  1
Epoch  2
Epoch  3
Epoch  4
Epoch  5
Sim  846
Epoch  1
Epoch  2
Epoch  3
Epoch  4
Epoch  5
Sim  847
Epoch  1
Epoch  2
Epoch  3
Epoch  4
Epoch  5
Sim  848
Epoch  1
Epoch  2
Epoch  3
Epoch  4
Epoch  5
Sim  849
Epoch  1
Epoch  2
Epoch  3
Epoch  4
Epoch  5
Sim  850
Epoch  1
Epoch  2
Epoch  3
Epoch  4
Epoch  5
Sim  851
Epoch  1
Epoch  2
Epoch  3
Epoch  4
Epoch  5
Sim  852
Epoch  1
Epoch  2
Epoch  3
Epoch  4
Epoch  5
Sim  853
Epoch  1
Epoch  2
Epoch  3
Epoch  4
Epoch  5
Sim  854
Epoch  1
Epoch  2
Epoch  3
Epoch  4
Epoch  5
Sim  855
Epoch  1
Epoch  2
Epoch  3
Epoch  4
Epoch  5
Sim  856
Epoch  1
Epoch  2
Epoch  3
Epoch  4
Epoch  5
Sim  857
Epoch  1
Epoch  2
Epoch  3
Epoch  4
Epoch  5
Sim  858
Epoch  1
Epoch  2
Epoch  3
Epoch  4
Epoch  5
Sim  859
Epoch  1
Epoch  2
Epoch  3
Epoch  4
Epoch  5
Sim  860
Epoch  1
Epoch  2
Epoch  3
Epoch  4
Epoch  5
Sim  861
Epoch  1
Epoch  2
Epoch  3
Epoch  4
Epoch  5
Sim  862
Epoch  1
Epoch  2
Epoch  3
Epoch  4
Epoch  5
Sim  863
Epoch  1
Epoch  2
Epoch  3
Epoch  4
Epoch  5
Sim  864
Epoch  1
Epoch  2
Epoch  3
Epoch  4
Epoch  5
Sim  865
Epoch  1
Epoch  2
Epoch  3
Epoch  4
Epoch  5
Sim  866
Epoch  1
Epoch  2
Epoch  3
Epoch  4
Epoch  5
Sim  867
Epoch  1
Epoch  2
Epoch  3
Epoch  4
Epoch  5
Sim  868
Epoch  1
Epoch  2
Epoch  3
Epoch  4
Epoch  5
Sim  869
Epoch  1
Epoch  2
Epoch  3
Epoch  4
Epoch  5
Sim  870
Epoch  1
Epoch  2
Epoch  3
Epoch  4
Epoch  5
Sim  871
Epoch  1
Epoch  2
Epoch  3
Epoch  4
Epoch  5
Sim  872
Epoch  1
Epoch  2
Epoch  3
Epoch  4
Epoch  5
Sim  873
Epoch  1
Epoch  2
Epoch  3
Epoch  4
Epoch  5
Sim  874
Epoch  1
Epoch  2
Epoch  3
Epoch  4
Epoch  5
Sim  875
Epoch  1
Epoch  2
Epoch  3
Epoch  4
Epoch  5
Sim  876
Epoch  1
Epoch  2
Epoch  3
Epoch  4
Epoch  5
Sim  877
Epoch  1
Epoch  2
Epoch  3
Epoch  4
Epoch  5
Sim  878
Epoch  1
Epoch  2
Epoch  3
Epoch  4
Epoch  5
Sim  879
Epoch  1
Epoch  2
Epoch  3
Epoch  4
Epoch  5
Sim  880
Epoch  1
Epoch  2
Epoch  3
Epoch  4
Epoch  5
Sim  881
Epoch  1
Epoch  2
Epoch  3
Epoch  4
Epoch  5
Sim  882
Epoch  1
Epoch  2
Epoch  3
Epoch  4
Epoch  5
Sim  883
Epoch  1
Epoch  2
Epoch  3
Epoch  4
Epoch  5
Sim  884
Epoch  1
Epoch  2
Epoch  3
Epoch  4
Epoch  5
Sim  885
Epoch  1
Epoch  2
Epoch  3
Epoch  4
Epoch  5
Sim  886
Epoch  1
Epoch  2
Epoch  3
Epoch  4
Epoch  5
Sim  887
Epoch  1
Epoch  2
Epoch  3
Epoch  4
Epoch  5
Sim  888
Epoch  1
Epoch  2
Epoch  3
Epoch  4
Epoch  5
Sim  889
Epoch  1
Epoch  2
Epoch  3
Epoch  4
Epoch  5
Sim  890
Epoch  1
Epoch  2
Epoch  3
Epoch  4
Epoch  5
Sim  891
Epoch  1
Epoch  2
Epoch  3
Epoch  4
Epoch  5
Sim  892
Epoch  1
Epoch  2
Epoch  3
Epoch  4
Epoch  5
Sim  893
Epoch  1
Epoch  2
Epoch  3
Epoch  4
Epoch  5
Sim  894
Epoch  1
Epoch  2
Epoch  3
Epoch  4
Epoch  5
Sim  895
Epoch  1
Epoch  2
Epoch  3
Epoch  4
Epoch  5
Sim  896
Epoch  1
Epoch  2
Epoch  3
Epoch  4
Epoch  5
Sim  897
Epoch  1
Epoch  2
Epoch  3
Epoch  4
Epoch  5
Sim  898
Epoch  1
Epoch  2
Epoch  3
Epoch  4
Epoch  5
Sim  899
Epoch  1
Epoch  2
Epoch  3
Epoch  4
Epoch  5
Sim  900
Epoch  1
Epoch  2
Epoch  3
Epoch  4
Epoch  5
Sim  901
Epoch  1
Epoch  2
Epoch  3
Epoch  4
Epoch  5
Sim  902
Epoch  1
Epoch  2
Epoch  3
Epoch  4
Epoch  5
Sim  903
Epoch  1
Epoch  2
Epoch  3
Epoch  4
Epoch  5
Sim  904
Epoch  1
Epoch  2
Epoch  3
Epoch  4
Epoch  5
Sim  905
Epoch  1
Epoch  2
Epoch  3
Epoch  4
Epoch  5
Sim  906
Epoch  1
Epoch  2
Epoch  3
Epoch  4
Epoch  5
Sim  907
Epoch  1
Epoch  2
Epoch  3
Epoch  4
Epoch  5
Sim  908
Epoch  1
Epoch  2
Epoch  3
Epoch  4
Epoch  5
Sim  909
Epoch  1
Epoch  2
Epoch  3
Epoch  4
Epoch  5
Sim  910
Epoch  1
Epoch  2
Epoch  3
Epoch  4
Epoch  5
Sim  911
Epoch  1
Epoch  2
Epoch  3
Epoch  4
Epoch  5
Sim  912
Epoch  1
Epoch  2
Epoch  3
Epoch  4
Epoch  5
Sim  913
Epoch  1
Epoch  2
Epoch  3
Epoch  4
Epoch  5
Sim  914
Epoch  1
Epoch  2
Epoch  3
Epoch  4
Epoch  5
Sim  915
Epoch  1
Epoch  2
Epoch  3
Epoch  4
Epoch  5
Sim  916
Epoch  1
Epoch  2
Epoch  3
Epoch  4
Epoch  5
Sim  917
Epoch  1
Epoch  2
Epoch  3
Epoch  4
Epoch  5
Sim  918
Epoch  1
Epoch  2
Epoch  3
Epoch  4
Epoch  5
Sim  919
Epoch  1
Epoch  2
Epoch  3
Epoch  4
Epoch  5
Sim  920
Epoch  1
Epoch  2
Epoch  3
Epoch  4
Epoch  5
Sim  921
Epoch  1
Epoch  2
Epoch  3
Epoch  4
Epoch  5
Sim  922
Epoch  1
Epoch  2
Epoch  3
Epoch  4
Epoch  5
Sim  923
Epoch  1
Epoch  2
Epoch  3
Epoch  4
Epoch  5
Sim  924
Epoch  1
Epoch  2
Epoch  3
Epoch  4
Epoch  5
Sim  925
Epoch  1
Epoch  2
Epoch  3
Epoch  4
Epoch  5
Sim  926
Epoch  1
Epoch  2
Epoch  3
Epoch  4
Epoch  5
Sim  927
Epoch  1
Epoch  2
Epoch  3
Epoch  4
Epoch  5
Sim  928
Epoch  1
Epoch  2
Epoch  3
Epoch  4
Epoch  5
Sim  929
Epoch  1
Epoch  2
Epoch  3
Epoch  4
Epoch  5
Sim  930
Epoch  1
Epoch  2
Epoch  3
Epoch  4
Epoch  5
Sim  931
Epoch  1
Epoch  2
Epoch  3
Epoch  4
Epoch  5
Sim  932
Epoch  1
Epoch  2
Epoch  3
Epoch  4
Epoch  5
Sim  933
Epoch  1
Epoch  2
Epoch  3
Epoch  4
Epoch  5
Sim  934
Epoch  1
Epoch  2
Epoch  3
Epoch  4
Epoch  5
Sim  935
Epoch  1
Epoch  2
Epoch  3
Epoch  4
Epoch  5
Sim  936
Epoch  1
Epoch  2
Epoch  3
Epoch  4
Epoch  5
Sim  937
Epoch  1
Epoch  2
Epoch  3
Epoch  4
Epoch  5
Sim  938
Epoch  1
Epoch  2
Epoch  3
Epoch  4
Epoch  5
Sim  939
Epoch  1
Epoch  2
Epoch  3
Epoch  4
Epoch  5
Sim  940
Epoch  1
Epoch  2
Epoch  3
Epoch  4
Epoch  5
Sim  941
Epoch  1
Epoch  2
Epoch  3
Epoch  4
Epoch  5
Sim  942
Epoch  1
Epoch  2
Epoch  3
Epoch  4
Epoch  5
Sim  943
Epoch  1
Epoch  2
Epoch  3
Epoch  4
Epoch  5
Sim  944
Epoch  1
Epoch  2
Epoch  3
Epoch  4
Epoch  5
Sim  945
Epoch  1
Epoch  2
Epoch  3
Epoch  4
Epoch  5
Sim  946
Epoch  1
Epoch  2
Epoch  3
Epoch  4
Epoch  5
Sim  947
Epoch  1
Epoch  2
Epoch  3
Epoch  4
Epoch  5
Sim  948
Epoch  1
Epoch  2
Epoch  3
Epoch  4
Epoch  5
Sim  949
Epoch  1
Epoch  2
Epoch  3
Epoch  4
Epoch  5
Sim  950
Epoch  1
Epoch  2
Epoch  3
Epoch  4
Epoch  5
Sim  951
Epoch  1
Epoch  2
Epoch  3
Epoch  4
Epoch  5
Sim  952
Epoch  1
Epoch  2
Epoch  3
Epoch  4
Epoch  5
Sim  953
Epoch  1
Epoch  2
Epoch  3
Epoch  4
Epoch  5
Sim  954
Epoch  1
Epoch  2
Epoch  3
Epoch  4
Epoch  5
Sim  955
Epoch  1
Epoch  2
Epoch  3
Epoch  4
Epoch  5
Sim  956
Epoch  1
Epoch  2
Epoch  3
Epoch  4
Epoch  5
Sim  957
Epoch  1
Epoch  2
Epoch  3
Epoch  4
Epoch  5
Sim  958
Epoch  1
Epoch  2
Epoch  3
Epoch  4
Epoch  5
Sim  959
Epoch  1
Epoch  2
Epoch  3
Epoch  4
Epoch  5
Sim  960
Epoch  1
Epoch  2
Epoch  3
Epoch  4
Epoch  5
Sim  961
Epoch  1
Epoch  2
Epoch  3
Epoch  4
Epoch  5
Sim  962
Epoch  1
Epoch  2
Epoch  3
Epoch  4
Epoch  5
Sim  963
Epoch  1
Epoch  2
Epoch  3
Epoch  4
Epoch  5
Sim  964
Epoch  1
Epoch  2
Epoch  3
Epoch  4
Epoch  5
Sim  965
Epoch  1
Epoch  2
Epoch  3
Epoch  4
Epoch  5
Sim  966
Epoch  1
Epoch  2
Epoch  3
Epoch  4
Epoch  5
Sim  967
Epoch  1
Epoch  2
Epoch  3
Epoch  4
Epoch  5
Sim  968
Epoch  1
Epoch  2
Epoch  3
Epoch  4
Epoch  5
Sim  969
Epoch  1
Epoch  2
Epoch  3
Epoch  4
Epoch  5
Sim  970
Epoch  1
Epoch  2
Epoch  3
Epoch  4
Epoch  5
Sim  971
Epoch  1
Epoch  2
Epoch  3
Epoch  4
Epoch  5
Sim  972
Epoch  1
Epoch  2
Epoch  3
Epoch  4
Epoch  5
Sim  973
Epoch  1
Epoch  2
Epoch  3
Epoch  4
Epoch  5
Sim  974
Epoch  1
Epoch  2
Epoch  3
Epoch  4
Epoch  5
Sim  975
Epoch  1
Epoch  2
Epoch  3
Epoch  4
Epoch  5
Sim  976
Epoch  1
Epoch  2
Epoch  3
Epoch  4
Epoch  5
Sim  977
Epoch  1
Epoch  2
Epoch  3
Epoch  4
Epoch  5
Sim  978
Epoch  1
Epoch  2
Epoch  3
Epoch  4
Epoch  5
Sim  979
Epoch  1
Epoch  2
Epoch  3
Epoch  4
Epoch  5
Sim  980
Epoch  1
Epoch  2
Epoch  3
Epoch  4
Epoch  5
Sim  981
Epoch  1
Epoch  2
Epoch  3
Epoch  4
Epoch  5
Sim  982
Epoch  1
Epoch  2
Epoch  3
Epoch  4
Epoch  5
Sim  983
Epoch  1
Epoch  2
Epoch  3
Epoch  4
Epoch  5
Sim  984
Epoch  1
Epoch  2
Epoch  3
Epoch  4
Epoch  5
Sim  985
Epoch  1
Epoch  2
Epoch  3
Epoch  4
Epoch  5
Sim  986
Epoch  1
Epoch  2
Epoch  3
Epoch  4
Epoch  5
Sim  987
Epoch  1
Epoch  2
Epoch  3
Epoch  4
Epoch  5
Sim  988
Epoch  1
Epoch  2
Epoch  3
Epoch  4
Epoch  5
Sim  989
Epoch  1
Epoch  2
Epoch  3
Epoch  4
Epoch  5
Sim  990
Epoch  1
Epoch  2
Epoch  3
Epoch  4
Epoch  5
Sim  991
Epoch  1
Epoch  2
Epoch  3
Epoch  4
Epoch  5
Sim  992
Epoch  1
Epoch  2
Epoch  3
Epoch  4
Epoch  5
Sim  993
Epoch  1
Epoch  2
Epoch  3
Epoch  4
Epoch  5
Sim  994
Epoch  1
Epoch  2
Epoch  3
Epoch  4
Epoch  5
Sim  995
Epoch  1
Epoch  2
Epoch  3
Epoch  4
Epoch  5
Sim  996
Epoch  1
Epoch  2
Epoch  3
Epoch  4
Epoch  5
Sim  997
Epoch  1
Epoch  2
Epoch  3
Epoch  4
Epoch  5
Sim  998
Epoch  1
Epoch  2
Epoch  3
Epoch  4
Epoch  5
Sim  999
Epoch  1
Epoch  2
Epoch  3
Epoch  4
Epoch  5
Sim  1000
Epoch  1
Epoch  2
Epoch  3
Epoch  4
Epoch  5
Random Walk: average profit over 1000 sims = -0.01
